<?xml version="1.0" encoding="UTF-8"?>
<!-- Generated by org.testng.reporters.JUnitReportReporter -->
<testsuite hostname="DESKTOP-4K8P4D6" failures="0" tests="1" name="tests.RescheduleMeetingTest" time="7.354" errors="0" timestamp="2023-10-30T13:56:52 COT" skipped="0">
  <testcase classname="tests.RescheduleMeetingTest" name="rescheduleMeeting" time="7.354"/>
</testsuite> <!-- tests.RescheduleMeetingTest -->
